0 info it worked if it ends with ok
1 verbose cli [ '/usr/bin/nodejs',
1 verbose cli   '/usr/bin/npm',
1 verbose cli   'install',
1 verbose cli   '-g',
1 verbose cli   'elementary-electron' ]
2 info using npm@3.6.0
3 info using node@v5.7.0
4 silly loadCurrentTree Starting
5 silly install loadCurrentTree
6 silly install readGlobalPackageData
7 silly fetchPackageMetaData elementary-electron
8 silly fetchNamedPackageData elementary-electron
9 silly mapToRegistry name elementary-electron
10 silly mapToRegistry using default registry
11 silly mapToRegistry registry https://registry.npmjs.org/
12 silly mapToRegistry uri https://registry.npmjs.org/elementary-electron
13 verbose request uri https://registry.npmjs.org/elementary-electron
14 verbose request no auth needed
15 info attempt registry request try #1 at 12:52:08 PM
16 verbose request id f74801b466b7d626
17 http request GET https://registry.npmjs.org/elementary-electron
18 http 200 https://registry.npmjs.org/elementary-electron
19 verbose headers { server: 'CouchDB/1.5.0 (Erlang OTP/R16B03)',
19 verbose headers   etag: '"6T03BE0ALZ4SQO4D2R3TUGSZU"',
19 verbose headers   'content-type': 'application/json',
19 verbose headers   'content-encoding': 'gzip',
19 verbose headers   'cache-control': 'max-age=300',
19 verbose headers   'content-length': '2561',
19 verbose headers   'accept-ranges': 'bytes',
19 verbose headers   date: 'Sat, 05 Nov 2016 04:52:11 GMT',
19 verbose headers   via: '1.1 varnish',
19 verbose headers   age: '0',
19 verbose headers   connection: 'keep-alive',
19 verbose headers   'x-served-by': 'cache-ams4430-AMS',
19 verbose headers   'x-cache': 'MISS',
19 verbose headers   'x-cache-hits': '0',
19 verbose headers   'x-timer': 'S1478321530.959485,VS0,VE718',
19 verbose headers   vary: 'Accept-Encoding' }
20 silly get cb [ 200,
20 silly get   { server: 'CouchDB/1.5.0 (Erlang OTP/R16B03)',
20 silly get     etag: '"6T03BE0ALZ4SQO4D2R3TUGSZU"',
20 silly get     'content-type': 'application/json',
20 silly get     'content-encoding': 'gzip',
20 silly get     'cache-control': 'max-age=300',
20 silly get     'content-length': '2561',
20 silly get     'accept-ranges': 'bytes',
20 silly get     date: 'Sat, 05 Nov 2016 04:52:11 GMT',
20 silly get     via: '1.1 varnish',
20 silly get     age: '0',
20 silly get     connection: 'keep-alive',
20 silly get     'x-served-by': 'cache-ams4430-AMS',
20 silly get     'x-cache': 'MISS',
20 silly get     'x-cache-hits': '0',
20 silly get     'x-timer': 'S1478321530.959485,VS0,VE718',
20 silly get     vary: 'Accept-Encoding' } ]
21 verbose get saving elementary-electron to /home/coding/.npm/registry.npmjs.org/elementary-electron/.cache.json
22 verbose correctMkdir /home/coding/.npm correctMkdir not in flight; initializing
23 silly install normalizeTree
24 silly loadCurrentTree Finishing
25 silly loadIdealTree Starting
26 silly install loadIdealTree
27 silly cloneCurrentTree Starting
28 silly install cloneCurrentTreeToIdealTree
29 silly cloneCurrentTree Finishing
30 silly loadShrinkwrap Starting
31 silly install loadShrinkwrap
32 silly loadShrinkwrap Finishing
33 silly loadAllDepsIntoIdealTree Starting
34 silly install loadAllDepsIntoIdealTree
35 silly resolveWithNewModule elementary-electron@1.3.6 checking installable status
36 silly cache add args [ 'elementary-electron', null ]
37 verbose cache add spec elementary-electron
38 silly cache add parsed spec Result {
38 silly cache add   raw: 'elementary-electron',
38 silly cache add   scope: null,
38 silly cache add   name: 'elementary-electron',
38 silly cache add   rawSpec: '',
38 silly cache add   spec: 'latest',
38 silly cache add   type: 'tag' }
39 silly addNamed elementary-electron@latest
40 verbose addNamed "latest" is being treated as a dist-tag for elementary-electron
41 info addNameTag [ 'elementary-electron', 'latest' ]
42 silly mapToRegistry name elementary-electron
43 silly mapToRegistry using default registry
44 silly mapToRegistry registry https://registry.npmjs.org/
45 silly mapToRegistry uri https://registry.npmjs.org/elementary-electron
46 verbose addNameTag registry:https://registry.npmjs.org/elementary-electron not in flight; fetching
47 verbose get https://registry.npmjs.org/elementary-electron not expired, no request
48 silly addNameTag next cb for elementary-electron with tag latest
49 silly addNamed elementary-electron@1.3.6
50 verbose addNamed "1.3.6" is a plain semver version for elementary-electron
51 silly mapToRegistry name elementary-electron
52 silly mapToRegistry using default registry
53 silly mapToRegistry registry https://registry.npmjs.org/
54 silly mapToRegistry uri https://registry.npmjs.org/elementary-electron
55 verbose addRemoteTarball https://registry.npmjs.org/elementary-electron/-/elementary-electron-1.3.6.tgz not in flight; adding
56 verbose addRemoteTarball [ 'https://registry.npmjs.org/elementary-electron/-/elementary-electron-1.3.6.tgz',
56 verbose addRemoteTarball   '811f8a1e897d967798c3dee00f68d24adec2158c' ]
57 info retry fetch attempt 1 at 12:52:12 PM
58 info attempt registry request try #1 at 12:52:12 PM
59 http fetch GET https://registry.npmjs.org/elementary-electron/-/elementary-electron-1.3.6.tgz
60 http fetch 200 https://registry.npmjs.org/elementary-electron/-/elementary-electron-1.3.6.tgz
61 info retry will retry, error on last attempt: Error: read ECONNRESET
62 info retry will retry, error on last attempt: Error: read ECONNRESET
63 silly fetchAndShaCheck shasum 811f8a1e897d967798c3dee00f68d24adec2158c
64 silly rollbackFailedOptional Starting
65 silly rollbackFailedOptional Finishing
66 silly runTopLevelLifecycles Starting
67 silly runTopLevelLifecycles Finishing
68 silly install printInstalled
69 verbose stack Error: shasum check failed for /tmp/npm-12836-4bb632c7/registry.npmjs.org/elementary-electron/-/elementary-electron-1.3.6.tgz
69 verbose stack Expected: 811f8a1e897d967798c3dee00f68d24adec2158c
69 verbose stack Actual:   c5dd62b6f547c9ae05ce4e49a78ca9400c3df630
69 verbose stack From:     https://registry.npmjs.org/elementary-electron/-/elementary-electron-1.3.6.tgz
69 verbose stack     at /usr/lib/node_modules/npm/node_modules/sha/index.js:25:8
69 verbose stack     at ReadStream.<anonymous> (/usr/lib/node_modules/npm/node_modules/sha/index.js:72:7)
69 verbose stack     at emitNone (events.js:85:20)
69 verbose stack     at ReadStream.emit (events.js:179:7)
69 verbose stack     at endReadableNT (_stream_readable.js:913:12)
69 verbose stack     at _combinedTickCallback (node.js:377:13)
69 verbose stack     at process._tickCallback (node.js:401:11)
70 verbose cwd /home/coding/workspace/nodeschool
71 error Linux 4.2.0-30-generic
72 error argv "/usr/bin/nodejs" "/usr/bin/npm" "install" "-g" "elementary-electron"
73 error node v5.7.0
74 error npm  v3.6.0
75 error shasum check failed for /tmp/npm-12836-4bb632c7/registry.npmjs.org/elementary-electron/-/elementary-electron-1.3.6.tgz
75 error Expected: 811f8a1e897d967798c3dee00f68d24adec2158c
75 error Actual:   c5dd62b6f547c9ae05ce4e49a78ca9400c3df630
75 error From:     https://registry.npmjs.org/elementary-electron/-/elementary-electron-1.3.6.tgz
76 error If you need help, you may report this error at:
76 error     <https://github.com/npm/npm/issues>
77 verbose exit [ 1, true ]
